2025-03-28 09:47:38,188 p=5174 u=marwiesing n=ansible | PLAY [Check disk usage and swap file presence] ***************************************************************************************************************************************************************************************************************
2025-03-28 09:47:38,200 p=5174 u=marwiesing n=ansible | TASK [Gathering Facts] ***************************************************************************************************************************************************************************************************************************************
2025-03-28 09:47:40,002 p=5174 u=marwiesing n=ansible | ok: [ubuntu-2]
2025-03-28 09:47:40,025 p=5174 u=marwiesing n=ansible | ok: [ubuntu-1]
2025-03-28 09:47:40,122 p=5174 u=marwiesing n=ansible | ok: [rocky-1]
2025-03-28 09:47:41,095 p=5174 u=marwiesing n=ansible | ok: [debian-1]
2025-03-28 09:47:41,140 p=5174 u=marwiesing n=ansible | TASK [Gather disk usage facts] *******************************************************************************************************************************************************************************************************************************
2025-03-28 09:47:42,408 p=5174 u=marwiesing n=ansible | ok: [rocky-1]
2025-03-28 09:47:42,514 p=5174 u=marwiesing n=ansible | ok: [ubuntu-1]
2025-03-28 09:47:42,530 p=5174 u=marwiesing n=ansible | ok: [ubuntu-2]
2025-03-28 09:47:43,457 p=5174 u=marwiesing n=ansible | ok: [debian-1]
2025-03-28 09:47:43,468 p=5174 u=marwiesing n=ansible | TASK [Check if root filesystem is full] **********************************************************************************************************************************************************************************************************************
2025-03-28 09:47:44,066 p=5174 u=marwiesing n=ansible | changed: [debian-1]
2025-03-28 09:47:44,079 p=5174 u=marwiesing n=ansible | changed: [ubuntu-2]
2025-03-28 09:47:44,131 p=5174 u=marwiesing n=ansible | changed: [ubuntu-1]
2025-03-28 09:47:44,132 p=5174 u=marwiesing n=ansible | changed: [rocky-1]
2025-03-28 09:47:44,150 p=5174 u=marwiesing n=ansible | TASK [Fail if root filesystem is full] ***********************************************************************************************************************************************************************************************************************
2025-03-28 09:47:44,203 p=5174 u=marwiesing n=ansible | skipping: [ubuntu-1]
2025-03-28 09:47:44,244 p=5174 u=marwiesing n=ansible | skipping: [ubuntu-2]
2025-03-28 09:47:44,246 p=5174 u=marwiesing n=ansible | skipping: [rocky-1]
2025-03-28 09:47:44,257 p=5174 u=marwiesing n=ansible | skipping: [debian-1]
2025-03-28 09:47:44,271 p=5174 u=marwiesing n=ansible | TASK [Check for active swap] *********************************************************************************************************************************************************************************************************************************
2025-03-28 09:47:44,764 p=5174 u=marwiesing n=ansible | ok: [ubuntu-1]
2025-03-28 09:47:44,768 p=5174 u=marwiesing n=ansible | ok: [ubuntu-2]
2025-03-28 09:47:44,788 p=5174 u=marwiesing n=ansible | ok: [debian-1]
2025-03-28 09:47:44,819 p=5174 u=marwiesing n=ansible | ok: [rocky-1]
2025-03-28 09:47:44,836 p=5174 u=marwiesing n=ansible | TASK [Set fact if swap is absent] ****************************************************************************************************************************************************************************************************************************
2025-03-28 09:47:44,871 p=5174 u=marwiesing n=ansible | skipping: [ubuntu-1]
2025-03-28 09:47:44,886 p=5174 u=marwiesing n=ansible | skipping: [ubuntu-2]
2025-03-28 09:47:44,900 p=5174 u=marwiesing n=ansible | skipping: [rocky-1]
2025-03-28 09:47:44,912 p=5174 u=marwiesing n=ansible | skipping: [debian-1]
2025-03-28 09:47:45,023 p=5174 u=marwiesing n=ansible | PLAY RECAP ***************************************************************************************************************************************************************************************************************************************************
2025-03-28 09:47:45,024 p=5174 u=marwiesing n=ansible | debian-1                   : ok=4    changed=1    unreachable=0    failed=0    skipped=2    rescued=0    ignored=0   
2025-03-28 09:47:45,024 p=5174 u=marwiesing n=ansible | rocky-1                    : ok=4    changed=1    unreachable=0    failed=0    skipped=2    rescued=0    ignored=0   
2025-03-28 09:47:45,024 p=5174 u=marwiesing n=ansible | ubuntu-1                   : ok=4    changed=1    unreachable=0    failed=0    skipped=2    rescued=0    ignored=0   
2025-03-28 09:47:45,024 p=5174 u=marwiesing n=ansible | ubuntu-2                   : ok=4    changed=1    unreachable=0    failed=0    skipped=2    rescued=0    ignored=0   
2025-03-28 09:52:06,996 p=6300 u=marwiesing n=ansible | PLAY [Check disk usage and swap file presence] ***************************************************************************************************************************************************************************************************************
2025-03-28 09:52:07,003 p=6300 u=marwiesing n=ansible | TASK [Gathering Facts] ***************************************************************************************************************************************************************************************************************************************
2025-03-28 09:52:08,697 p=6300 u=marwiesing n=ansible | ok: [rocky-1]
2025-03-28 09:52:08,803 p=6300 u=marwiesing n=ansible | ok: [ubuntu-2]
2025-03-28 09:52:08,817 p=6300 u=marwiesing n=ansible | ok: [ubuntu-1]
2025-03-28 09:52:08,941 p=6300 u=marwiesing n=ansible | ok: [debian-1]
2025-03-28 09:52:08,986 p=6300 u=marwiesing n=ansible | TASK [Gather disk usage facts] *******************************************************************************************************************************************************************************************************************************
2025-03-28 09:52:09,521 p=6300 u=marwiesing n=ansible | changed: [ubuntu-2]
2025-03-28 09:52:09,588 p=6300 u=marwiesing n=ansible | changed: [debian-1]
2025-03-28 09:52:09,604 p=6300 u=marwiesing n=ansible | changed: [ubuntu-1]
2025-03-28 09:52:09,640 p=6300 u=marwiesing n=ansible | changed: [rocky-1]
2025-03-28 09:52:09,651 p=6300 u=marwiesing n=ansible | TASK [Check if root filesystem is full] **********************************************************************************************************************************************************************************************************************
2025-03-28 09:52:09,788 p=6300 u=marwiesing n=ansible | skipping: [ubuntu-1]
2025-03-28 09:52:09,809 p=6300 u=marwiesing n=ansible | skipping: [ubuntu-2]
2025-03-28 09:52:09,814 p=6300 u=marwiesing n=ansible | skipping: [rocky-1]
2025-03-28 09:52:09,849 p=6300 u=marwiesing n=ansible | skipping: [debian-1]
2025-03-28 09:52:09,861 p=6300 u=marwiesing n=ansible | TASK [Fail if root filesystem is full] ***********************************************************************************************************************************************************************************************************************
2025-03-28 09:52:09,966 p=6300 u=marwiesing n=ansible | skipping: [ubuntu-1]
2025-03-28 09:52:09,969 p=6300 u=marwiesing n=ansible | skipping: [ubuntu-2]
2025-03-28 09:52:09,990 p=6300 u=marwiesing n=ansible | skipping: [rocky-1]
2025-03-28 09:52:10,022 p=6300 u=marwiesing n=ansible | skipping: [debian-1]
2025-03-28 09:52:10,033 p=6300 u=marwiesing n=ansible | TASK [Check for active swap] *********************************************************************************************************************************************************************************************************************************
2025-03-28 09:52:10,485 p=6300 u=marwiesing n=ansible | changed: [ubuntu-1]
2025-03-28 09:52:10,493 p=6300 u=marwiesing n=ansible | changed: [ubuntu-2]
2025-03-28 09:52:10,518 p=6300 u=marwiesing n=ansible | changed: [debian-1]
2025-03-28 09:52:10,591 p=6300 u=marwiesing n=ansible | changed: [rocky-1]
2025-03-28 09:52:10,599 p=6300 u=marwiesing n=ansible | TASK [Set fact if swap is absent] ****************************************************************************************************************************************************************************************************************************
2025-03-28 09:52:10,629 p=6300 u=marwiesing n=ansible | skipping: [ubuntu-1]
2025-03-28 09:52:10,679 p=6300 u=marwiesing n=ansible | skipping: [ubuntu-2]
2025-03-28 09:52:10,680 p=6300 u=marwiesing n=ansible | skipping: [rocky-1]
2025-03-28 09:52:10,696 p=6300 u=marwiesing n=ansible | skipping: [debian-1]
2025-03-28 09:52:10,707 p=6300 u=marwiesing n=ansible | TASK [Show memory and swap overview] *************************************************************************************************************************************************************************************************************************
2025-03-28 09:52:11,191 p=6300 u=marwiesing n=ansible | changed: [ubuntu-2]
2025-03-28 09:52:11,225 p=6300 u=marwiesing n=ansible | changed: [ubuntu-1]
2025-03-28 09:52:11,248 p=6300 u=marwiesing n=ansible | changed: [debian-1]
2025-03-28 09:52:11,301 p=6300 u=marwiesing n=ansible | changed: [rocky-1]
2025-03-28 09:52:11,307 p=6300 u=marwiesing n=ansible | TASK [Show disk usage again] *********************************************************************************************************************************************************************************************************************************
2025-03-28 09:52:11,735 p=6300 u=marwiesing n=ansible | changed: [ubuntu-1]
2025-03-28 09:52:11,755 p=6300 u=marwiesing n=ansible | changed: [ubuntu-2]
2025-03-28 09:52:11,851 p=6300 u=marwiesing n=ansible | changed: [debian-1]
2025-03-28 09:52:11,897 p=6300 u=marwiesing n=ansible | changed: [rocky-1]
2025-03-28 09:52:11,909 p=6300 u=marwiesing n=ansible | TASK [Display overview] **************************************************************************************************************************************************************************************************************************************
2025-03-28 09:52:11,958 p=6300 u=marwiesing n=ansible | ok: [ubuntu-1] => 
  msg: |-
    Memory and Swap:
                   total        used        free      shared  buff/cache   available
    Mem:           9.7Gi       4.7Gi       2.6Gi       134Mi       2.8Gi       5.0Gi
    Swap:          8.0Gi          0B       8.0Gi
  
    Root Disk Usage:
    Filesystem                         Size  Used Avail Use% Mounted on
    /dev/mapper/ubuntu--vg-ubuntu--lv   61G   31G   28G  53% /
2025-03-28 09:52:11,993 p=6300 u=marwiesing n=ansible | ok: [ubuntu-2] => 
  msg: |-
    Memory and Swap:
                   total        used        free      shared  buff/cache   available
    Mem:           7.8Gi       684Mi       6.7Gi       2.5Mi       637Mi       7.1Gi
    Swap:          4.0Gi          0B       4.0Gi
  
    Root Disk Usage:
    Filesystem                         Size  Used Avail Use% Mounted on
    /dev/mapper/ubuntu--vg-ubuntu--lv   31G   19G  9.9G  66% /
2025-03-28 09:52:11,994 p=6300 u=marwiesing n=ansible | ok: [rocky-1] => 
  msg: |-
    Memory and Swap:
                   total        used        free      shared  buff/cache   available
    Mem:           7.5Gi       824Mi       6.1Gi       141Mi       1.0Gi       6.7Gi
    Swap:          6.4Gi          0B       6.4Gi
  
    Root Disk Usage:
    Filesystem           Size  Used Avail Use% Mounted on
    /dev/mapper/rl-root   38G  5.8G   33G  16% /
2025-03-28 09:52:12,019 p=6300 u=marwiesing n=ansible | ok: [debian-1] => 
  msg: |-
    Memory and Swap:
                   total        used        free      shared  buff/cache   available
    Mem:           7.8Gi       4.1Gi       183Mi        38Mi       3.8Gi       3.7Gi
    Swap:          8.0Gi       524Ki       8.0Gi
  
    Root Disk Usage:
    Filesystem      Size  Used Avail Use% Mounted on
    /dev/sda1        62G   28G   31G  48% /
2025-03-28 09:52:12,129 p=6300 u=marwiesing n=ansible | PLAY RECAP ***************************************************************************************************************************************************************************************************************************************************
2025-03-28 09:52:12,129 p=6300 u=marwiesing n=ansible | debian-1                   : ok=6    changed=4    unreachable=0    failed=0    skipped=3    rescued=0    ignored=0   
2025-03-28 09:52:12,130 p=6300 u=marwiesing n=ansible | rocky-1                    : ok=6    changed=4    unreachable=0    failed=0    skipped=3    rescued=0    ignored=0   
2025-03-28 09:52:12,130 p=6300 u=marwiesing n=ansible | ubuntu-1                   : ok=6    changed=4    unreachable=0    failed=0    skipped=3    rescued=0    ignored=0   
2025-03-28 09:52:12,130 p=6300 u=marwiesing n=ansible | ubuntu-2                   : ok=6    changed=4    unreachable=0    failed=0    skipped=3    rescued=0    ignored=0   
2025-03-28 09:54:05,770 p=6921 u=marwiesing n=ansible | [WARNING]: Invalid characters were found in group names but not replaced, use -vvvv to see details

2025-03-28 09:54:05,947 p=6921 u=marwiesing n=ansible | PLAY [Check disk usage and swap file presence] ***************************************************************************************************************************************************************************************************************
2025-03-28 09:54:05,954 p=6921 u=marwiesing n=ansible | TASK [Gathering Facts] ***************************************************************************************************************************************************************************************************************************************
2025-03-28 09:54:07,513 p=6921 u=marwiesing n=ansible | ok: [localhost]
2025-03-28 09:54:07,695 p=6921 u=marwiesing n=ansible | ok: [rocky-1]
2025-03-28 09:54:07,865 p=6921 u=marwiesing n=ansible | ok: [ubuntu-2]
2025-03-28 09:54:07,962 p=6921 u=marwiesing n=ansible | ok: [ubuntu-1]
2025-03-28 09:54:08,030 p=6921 u=marwiesing n=ansible | ok: [debian-1]
2025-03-28 09:54:08,104 p=6921 u=marwiesing n=ansible | TASK [Gather disk usage facts] *******************************************************************************************************************************************************************************************************************************
2025-03-28 09:54:08,645 p=6921 u=marwiesing n=ansible | changed: [localhost]
2025-03-28 09:54:08,732 p=6921 u=marwiesing n=ansible | changed: [debian-1]
2025-03-28 09:54:08,770 p=6921 u=marwiesing n=ansible | changed: [ubuntu-2]
2025-03-28 09:54:08,818 p=6921 u=marwiesing n=ansible | changed: [ubuntu-1]
2025-03-28 09:54:08,837 p=6921 u=marwiesing n=ansible | changed: [rocky-1]
2025-03-28 09:54:08,851 p=6921 u=marwiesing n=ansible | TASK [Check if root filesystem is full] **********************************************************************************************************************************************************************************************************************
2025-03-28 09:54:08,956 p=6921 u=marwiesing n=ansible | skipping: [ubuntu-1]
2025-03-28 09:54:09,003 p=6921 u=marwiesing n=ansible | skipping: [ubuntu-2]
2025-03-28 09:54:09,014 p=6921 u=marwiesing n=ansible | skipping: [rocky-1]
2025-03-28 09:54:09,025 p=6921 u=marwiesing n=ansible | skipping: [debian-1]
2025-03-28 09:54:09,052 p=6921 u=marwiesing n=ansible | skipping: [localhost]
2025-03-28 09:54:09,060 p=6921 u=marwiesing n=ansible | TASK [Fail if root filesystem is full] ***********************************************************************************************************************************************************************************************************************
2025-03-28 09:54:09,174 p=6921 u=marwiesing n=ansible | skipping: [ubuntu-1]
2025-03-28 09:54:09,203 p=6921 u=marwiesing n=ansible | skipping: [ubuntu-2]
2025-03-28 09:54:09,218 p=6921 u=marwiesing n=ansible | skipping: [rocky-1]
2025-03-28 09:54:09,249 p=6921 u=marwiesing n=ansible | skipping: [debian-1]
2025-03-28 09:54:09,253 p=6921 u=marwiesing n=ansible | skipping: [localhost]
2025-03-28 09:54:09,267 p=6921 u=marwiesing n=ansible | TASK [Check for active swap] *********************************************************************************************************************************************************************************************************************************
2025-03-28 09:54:09,764 p=6921 u=marwiesing n=ansible | changed: [localhost]
2025-03-28 09:54:09,782 p=6921 u=marwiesing n=ansible | changed: [ubuntu-2]
2025-03-28 09:54:09,836 p=6921 u=marwiesing n=ansible | changed: [ubuntu-1]
2025-03-28 09:54:09,843 p=6921 u=marwiesing n=ansible | changed: [debian-1]
2025-03-28 09:54:09,882 p=6921 u=marwiesing n=ansible | changed: [rocky-1]
2025-03-28 09:54:09,889 p=6921 u=marwiesing n=ansible | TASK [Set fact if swap is absent] ****************************************************************************************************************************************************************************************************************************
2025-03-28 09:54:09,926 p=6921 u=marwiesing n=ansible | skipping: [ubuntu-1]
2025-03-28 09:54:09,967 p=6921 u=marwiesing n=ansible | skipping: [ubuntu-2]
2025-03-28 09:54:10,028 p=6921 u=marwiesing n=ansible | skipping: [rocky-1]
2025-03-28 09:54:10,028 p=6921 u=marwiesing n=ansible | skipping: [debian-1]
2025-03-28 09:54:10,035 p=6921 u=marwiesing n=ansible | skipping: [localhost]
2025-03-28 09:54:10,045 p=6921 u=marwiesing n=ansible | TASK [Show memory and swap overview] *************************************************************************************************************************************************************************************************************************
2025-03-28 09:54:10,591 p=6921 u=marwiesing n=ansible | changed: [localhost]
2025-03-28 09:54:10,600 p=6921 u=marwiesing n=ansible | changed: [ubuntu-2]
2025-03-28 09:54:10,627 p=6921 u=marwiesing n=ansible | changed: [ubuntu-1]
2025-03-28 09:54:10,633 p=6921 u=marwiesing n=ansible | changed: [debian-1]
2025-03-28 09:54:10,688 p=6921 u=marwiesing n=ansible | changed: [rocky-1]
2025-03-28 09:54:10,695 p=6921 u=marwiesing n=ansible | TASK [Show disk usage again] *********************************************************************************************************************************************************************************************************************************
2025-03-28 09:54:11,193 p=6921 u=marwiesing n=ansible | changed: [localhost]
2025-03-28 09:54:11,260 p=6921 u=marwiesing n=ansible | changed: [ubuntu-1]
2025-03-28 09:54:11,279 p=6921 u=marwiesing n=ansible | changed: [debian-1]
2025-03-28 09:54:11,319 p=6921 u=marwiesing n=ansible | changed: [ubuntu-2]
2025-03-28 09:54:11,378 p=6921 u=marwiesing n=ansible | changed: [rocky-1]
2025-03-28 09:54:11,402 p=6921 u=marwiesing n=ansible | TASK [Display overview] **************************************************************************************************************************************************************************************************************************************
2025-03-28 09:54:11,439 p=6921 u=marwiesing n=ansible | ok: [ubuntu-1] => 
  msg: |-
    Memory and Swap:
                   total        used        free      shared  buff/cache   available
    Mem:           9.7Gi       4.6Gi       2.8Gi       134Mi       2.8Gi       5.2Gi
    Swap:          8.0Gi          0B       8.0Gi
  
    Root Disk Usage:
    Filesystem                         Size  Used Avail Use% Mounted on
    /dev/mapper/ubuntu--vg-ubuntu--lv   61G   31G   28G  53% /
2025-03-28 09:54:11,481 p=6921 u=marwiesing n=ansible | ok: [ubuntu-2] => 
  msg: |-
    Memory and Swap:
                   total        used        free      shared  buff/cache   available
    Mem:           7.8Gi       681Mi       6.7Gi       2.5Mi       637Mi       7.1Gi
    Swap:          4.0Gi          0B       4.0Gi
  
    Root Disk Usage:
    Filesystem                         Size  Used Avail Use% Mounted on
    /dev/mapper/ubuntu--vg-ubuntu--lv   31G   19G  9.9G  66% /
2025-03-28 09:54:11,501 p=6921 u=marwiesing n=ansible | ok: [rocky-1] => 
  msg: |-
    Memory and Swap:
                   total        used        free      shared  buff/cache   available
    Mem:           7.5Gi       811Mi       6.1Gi       141Mi       1.0Gi       6.7Gi
    Swap:          6.4Gi          0B       6.4Gi
  
    Root Disk Usage:
    Filesystem           Size  Used Avail Use% Mounted on
    /dev/mapper/rl-root   38G  5.8G   33G  16% /
2025-03-28 09:54:11,526 p=6921 u=marwiesing n=ansible | ok: [debian-1] => 
  msg: |-
    Memory and Swap:
                   total        used        free      shared  buff/cache   available
    Mem:           7.8Gi       4.1Gi       207Mi        38Mi       3.8Gi       3.7Gi
    Swap:          8.0Gi       524Ki       8.0Gi
  
    Root Disk Usage:
    Filesystem      Size  Used Avail Use% Mounted on
    /dev/sda1        62G   28G   31G  48% /
2025-03-28 09:54:11,543 p=6921 u=marwiesing n=ansible | ok: [localhost] => 
  msg: |-
    Memory and Swap:
                   total        used        free      shared  buff/cache   available
    Mem:           7,8Gi       2,4Gi       4,1Gi       116Mi       1,5Gi       5,3Gi
    Swap:          4,0Gi          0B       4,0Gi
  
    Root Disk Usage:
    Filesystem      Size  Used Avail Use% Mounted on
    /dev/sda3        94G   40G   50G  45% /
2025-03-28 09:54:11,680 p=6921 u=marwiesing n=ansible | PLAY RECAP ***************************************************************************************************************************************************************************************************************************************************
2025-03-28 09:54:11,681 p=6921 u=marwiesing n=ansible | debian-1                   : ok=6    changed=4    unreachable=0    failed=0    skipped=3    rescued=0    ignored=0   
2025-03-28 09:54:11,681 p=6921 u=marwiesing n=ansible | localhost                  : ok=6    changed=4    unreachable=0    failed=0    skipped=3    rescued=0    ignored=0   
2025-03-28 09:54:11,681 p=6921 u=marwiesing n=ansible | rocky-1                    : ok=6    changed=4    unreachable=0    failed=0    skipped=3    rescued=0    ignored=0   
2025-03-28 09:54:11,682 p=6921 u=marwiesing n=ansible | ubuntu-1                   : ok=6    changed=4    unreachable=0    failed=0    skipped=3    rescued=0    ignored=0   
2025-03-28 09:54:11,682 p=6921 u=marwiesing n=ansible | ubuntu-2                   : ok=6    changed=4    unreachable=0    failed=0    skipped=3    rescued=0    ignored=0   
2025-03-28 10:24:43,570 p=14535 u=marwiesing n=ansible | ERROR! Empty playbook, nothing to do: /home/marwiesing/playground/ansible/11_Resize_disk_and_create_a_swap_file/04_disable_swap.yml
2025-03-28 10:25:11,488 p=14647 u=marwiesing n=ansible | PLAY [Disable swap on Kubernetes nodes] **********************************************************************************************************************************************************************************************************************
2025-03-28 10:25:11,493 p=14647 u=marwiesing n=ansible | TASK [Gathering Facts] ***************************************************************************************************************************************************************************************************************************************
2025-03-28 10:25:13,043 p=14647 u=marwiesing n=ansible | ok: [debian-1]
2025-03-28 10:25:13,206 p=14647 u=marwiesing n=ansible | ok: [rocky-1]
2025-03-28 10:25:13,207 p=14647 u=marwiesing n=ansible | ok: [ubuntu-2]
2025-03-28 10:25:13,283 p=14647 u=marwiesing n=ansible | ok: [ubuntu-1]
2025-03-28 10:25:13,315 p=14647 u=marwiesing n=ansible | TASK [Disable swap immediately] ******************************************************************************************************************************************************************************************************************************
2025-03-28 10:25:13,411 p=14647 u=marwiesing n=ansible | skipping: [rocky-1]
2025-03-28 10:25:13,793 p=14647 u=marwiesing n=ansible | changed: [debian-1]
2025-03-28 10:25:13,846 p=14647 u=marwiesing n=ansible | changed: [ubuntu-1]
2025-03-28 10:25:13,850 p=14647 u=marwiesing n=ansible | changed: [ubuntu-2]
2025-03-28 10:25:13,858 p=14647 u=marwiesing n=ansible | TASK [Remove or comment swap entry from /etc/fstab] **********************************************************************************************************************************************************************************************************
2025-03-28 10:25:14,347 p=14647 u=marwiesing n=ansible | changed: [debian-1]
2025-03-28 10:25:14,421 p=14647 u=marwiesing n=ansible | changed: [ubuntu-2]
2025-03-28 10:25:14,446 p=14647 u=marwiesing n=ansible | changed: [ubuntu-1]
2025-03-28 10:25:14,479 p=14647 u=marwiesing n=ansible | changed: [rocky-1]
2025-03-28 10:25:14,487 p=14647 u=marwiesing n=ansible | TASK [Ensure kubelet service is restarted] *******************************************************************************************************************************************************************************************************************
2025-03-28 10:25:15,372 p=14647 u=marwiesing n=ansible | changed: [ubuntu-2]
2025-03-28 10:25:15,390 p=14647 u=marwiesing n=ansible | changed: [debian-1]
2025-03-28 10:25:15,577 p=14647 u=marwiesing n=ansible | changed: [rocky-1]
2025-03-28 10:25:15,719 p=14647 u=marwiesing n=ansible | changed: [ubuntu-1]
2025-03-28 10:25:15,731 p=14647 u=marwiesing n=ansible | TASK [Display confirmation] **********************************************************************************************************************************************************************************************************************************
2025-03-28 10:25:16,271 p=14647 u=marwiesing n=ansible | changed: [debian-1]
2025-03-28 10:25:16,278 p=14647 u=marwiesing n=ansible | changed: [ubuntu-1]
2025-03-28 10:25:16,282 p=14647 u=marwiesing n=ansible | changed: [ubuntu-2]
2025-03-28 10:25:16,368 p=14647 u=marwiesing n=ansible | changed: [rocky-1]
2025-03-28 10:25:16,378 p=14647 u=marwiesing n=ansible | TASK [Show results] ******************************************************************************************************************************************************************************************************************************************
2025-03-28 10:25:16,451 p=14647 u=marwiesing n=ansible | ok: [ubuntu-1] => 
  msg: |2-
  
    ==> Current swap status:
                   total        used        free      shared  buff/cache   available
    Mem:           9.7Gi       3.3Gi       5.2Gi       128Mi       1.7Gi       6.4Gi
    Swap:             0B          0B          0B
  
    ==> Current kubelet status:
    active
2025-03-28 10:25:16,452 p=14647 u=marwiesing n=ansible | ok: [ubuntu-2] => 
  msg: |2-
  
    ==> Current swap status:
                   total        used        free      shared  buff/cache   available
    Mem:           7.8Gi       459Mi       7.2Gi       764Ki       383Mi       7.3Gi
    Swap:             0B          0B          0B
  
    ==> Current kubelet status:
    active
2025-03-28 10:25:16,452 p=14647 u=marwiesing n=ansible | ok: [rocky-1] => 
  msg: |-
    \n==> Current swap status:
                   total        used        free      shared  buff/cache   available
    Mem:           7.5Gi       495Mi       6.9Gi       8.0Mi       378Mi       7.0Gi
    Swap:             0B          0B          0B
    \n==> Current kubelet status:
    active
2025-03-28 10:25:16,469 p=14647 u=marwiesing n=ansible | ok: [debian-1] => 
  msg: |2-
  
    ==> Current swap status:
                   total        used        free      shared  buff/cache   available
    Mem:           7.8Gi       1.0Gi       6.3Gi       8.2Mi       774Mi       6.8Gi
    Swap:             0B          0B          0B
  
    ==> Current kubelet status:
    active
2025-03-28 10:25:16,548 p=14647 u=marwiesing n=ansible | PLAY RECAP ***************************************************************************************************************************************************************************************************************************************************
2025-03-28 10:25:16,549 p=14647 u=marwiesing n=ansible | debian-1                   : ok=6    changed=4    unreachable=0    failed=0    skipped=0    rescued=0    ignored=0   
2025-03-28 10:25:16,549 p=14647 u=marwiesing n=ansible | rocky-1                    : ok=5    changed=3    unreachable=0    failed=0    skipped=1    rescued=0    ignored=0   
2025-03-28 10:25:16,549 p=14647 u=marwiesing n=ansible | ubuntu-1                   : ok=6    changed=4    unreachable=0    failed=0    skipped=0    rescued=0    ignored=0   
2025-03-28 10:25:16,549 p=14647 u=marwiesing n=ansible | ubuntu-2                   : ok=6    changed=4    unreachable=0    failed=0    skipped=0    rescued=0    ignored=0   
