2025-02-19 10:57:55,928 p=6505 u=marwiesing n=ansible | PLAY [Troubleshoot Ansible Issues] ******************************************************************************************************************************************************************************************************************************************************
2025-02-19 10:57:55,934 p=6505 u=marwiesing n=ansible | TASK [Gathering Facts] ******************************************************************************************************************************************************************************************************************************************************************
2025-02-19 10:57:57,291 p=6505 u=marwiesing n=ansible | [WARNING]: Platform linux on host localhost is using the discovered Python interpreter at /usr/bin/python3.12, but future installation of another Python interpreter could change the meaning of that path. See https://docs.ansible.com/ansible-
core/2.16/reference_appendices/interpreter_discovery.html for more information.

2025-02-19 10:57:57,293 p=6505 u=marwiesing n=ansible | ok: [localhost]
2025-02-19 10:57:57,294 p=6505 u=marwiesing n=ansible | ok: [rocky-01]
2025-02-19 10:57:57,300 p=6505 u=marwiesing n=ansible | ok: [ubuntu-02]
2025-02-19 10:57:58,244 p=6505 u=marwiesing n=ansible | ok: [ubuntu-01]
2025-02-19 10:57:58,266 p=6505 u=marwiesing n=ansible | TASK [Check connectivity] ***************************************************************************************************************************************************************************************************************************************************************
2025-02-19 10:57:58,772 p=6505 u=marwiesing n=ansible | ok: [ubuntu-02]
2025-02-19 10:57:58,802 p=6505 u=marwiesing n=ansible | ok: [ubuntu-01]
2025-02-19 10:57:58,813 p=6505 u=marwiesing n=ansible | ok: [localhost]
2025-02-19 10:57:58,828 p=6505 u=marwiesing n=ansible | ok: [rocky-01]
2025-02-19 10:57:58,836 p=6505 u=marwiesing n=ansible | TASK [Check Python version] *************************************************************************************************************************************************************************************************************************************************************
2025-02-19 10:57:59,318 p=6505 u=marwiesing n=ansible | changed: [localhost]
2025-02-19 10:57:59,330 p=6505 u=marwiesing n=ansible | changed: [ubuntu-02]
2025-02-19 10:57:59,338 p=6505 u=marwiesing n=ansible | changed: [ubuntu-01]
2025-02-19 10:57:59,367 p=6505 u=marwiesing n=ansible | changed: [rocky-01]
2025-02-19 10:57:59,376 p=6505 u=marwiesing n=ansible | TASK [Display Python version] ***********************************************************************************************************************************************************************************************************************************************************
2025-02-19 10:57:59,456 p=6505 u=marwiesing n=ansible | ok: [ubuntu-01] => 
  msg: 'Python version: Python 3.12.3'
2025-02-19 10:57:59,489 p=6505 u=marwiesing n=ansible | ok: [ubuntu-02] => 
  msg: 'Python version: Python 3.12.3'
2025-02-19 10:57:59,506 p=6505 u=marwiesing n=ansible | ok: [rocky-01] => 
  msg: 'Python version: Python 3.9.19'
2025-02-19 10:57:59,525 p=6505 u=marwiesing n=ansible | ok: [localhost] => 
  msg: 'Python version: Python 3.12.3'
2025-02-19 10:57:59,533 p=6505 u=marwiesing n=ansible | TASK [Check if required Python packages are installed] **********************************************************************************************************************************************************************************************************************************
2025-02-19 10:57:59,880 p=6505 u=marwiesing n=ansible | changed: [ubuntu-01]
2025-02-19 10:57:59,973 p=6505 u=marwiesing n=ansible | changed: [ubuntu-02]
2025-02-19 10:58:00,010 p=6505 u=marwiesing n=ansible | changed: [rocky-01]
2025-02-19 10:58:00,043 p=6505 u=marwiesing n=ansible | changed: [localhost]
2025-02-19 10:58:00,047 p=6505 u=marwiesing n=ansible | TASK [Display six package status] *******************************************************************************************************************************************************************************************************************************************************
2025-02-19 10:58:00,114 p=6505 u=marwiesing n=ansible | ok: [ubuntu-01] => 
  msg: six is installed
2025-02-19 10:58:00,116 p=6505 u=marwiesing n=ansible | ok: [ubuntu-02] => 
  msg: six is installed
2025-02-19 10:58:00,144 p=6505 u=marwiesing n=ansible | ok: [localhost] => 
  msg: six is installed
2025-02-19 10:58:00,167 p=6505 u=marwiesing n=ansible | ok: [rocky-01] => 
  msg: six is installed
2025-02-19 10:58:00,173 p=6505 u=marwiesing n=ansible | TASK [Check user executing the playbook] ************************************************************************************************************************************************************************************************************************************************
2025-02-19 10:58:00,520 p=6505 u=marwiesing n=ansible | changed: [ubuntu-01]
2025-02-19 10:58:00,578 p=6505 u=marwiesing n=ansible | changed: [ubuntu-02]
2025-02-19 10:58:00,610 p=6505 u=marwiesing n=ansible | changed: [localhost]
2025-02-19 10:58:00,617 p=6505 u=marwiesing n=ansible | changed: [rocky-01]
2025-02-19 10:58:00,626 p=6505 u=marwiesing n=ansible | TASK [Display Ansible executing user] ***************************************************************************************************************************************************************************************************************************************************
2025-02-19 10:58:00,669 p=6505 u=marwiesing n=ansible | ok: [ubuntu-01] => 
  msg: marwiesing
2025-02-19 10:58:00,690 p=6505 u=marwiesing n=ansible | ok: [ubuntu-02] => 
  msg: marwiesing
2025-02-19 10:58:00,692 p=6505 u=marwiesing n=ansible | ok: [rocky-01] => 
  msg: marwiesing
2025-02-19 10:58:00,700 p=6505 u=marwiesing n=ansible | ok: [localhost] => 
  msg: marwiesing
2025-02-19 10:58:00,705 p=6505 u=marwiesing n=ansible | TASK [Check available disk space] *******************************************************************************************************************************************************************************************************************************************************
2025-02-19 10:58:01,071 p=6505 u=marwiesing n=ansible | changed: [ubuntu-01]
2025-02-19 10:58:01,107 p=6505 u=marwiesing n=ansible | changed: [ubuntu-02]
2025-02-19 10:58:01,186 p=6505 u=marwiesing n=ansible | changed: [rocky-01]
2025-02-19 10:58:01,199 p=6505 u=marwiesing n=ansible | changed: [localhost]
2025-02-19 10:58:01,205 p=6505 u=marwiesing n=ansible | TASK [Display disk space] ***************************************************************************************************************************************************************************************************************************************************************
2025-02-19 10:58:01,226 p=6505 u=marwiesing n=ansible | ok: [ubuntu-01] => 
  msg:
  - Filesystem                         Size  Used Avail Use% Mounted on
  - /dev/mapper/ubuntu--vg-ubuntu--lv   31G  6.4G   23G  22% /
2025-02-19 10:58:01,270 p=6505 u=marwiesing n=ansible | ok: [ubuntu-02] => 
  msg:
  - Filesystem                         Size  Used Avail Use% Mounted on
  - /dev/mapper/ubuntu--vg-ubuntu--lv   31G  6.0G   23G  21% /
2025-02-19 10:58:01,272 p=6505 u=marwiesing n=ansible | ok: [rocky-01] => 
  msg:
  - Filesystem           Size  Used Avail Use% Mounted on
  - /dev/mapper/rl-root   38G  1.5G   37G   4% /
2025-02-19 10:58:01,273 p=6505 u=marwiesing n=ansible | ok: [localhost] => 
  msg:
  - Filesystem      Size  Used Avail Use% Mounted on
  - /dev/sda3        31G   14G   16G  46% /
2025-02-19 10:58:01,279 p=6505 u=marwiesing n=ansible | TASK [Ubuntu-specific task] *************************************************************************************************************************************************************************************************************************************************************
2025-02-19 10:58:01,388 p=6505 u=marwiesing n=ansible | skipping: [rocky-01]
2025-02-19 10:58:01,404 p=6505 u=marwiesing n=ansible | skipping: [localhost]
2025-02-19 10:58:01,624 p=6505 u=marwiesing n=ansible | changed: [ubuntu-02]
2025-02-19 10:58:02,579 p=6505 u=marwiesing n=ansible | changed: [ubuntu-01]
2025-02-19 10:58:02,583 p=6505 u=marwiesing n=ansible | TASK [Rocky-specific task] **************************************************************************************************************************************************************************************************************************************************************
2025-02-19 10:58:02,634 p=6505 u=marwiesing n=ansible | skipping: [ubuntu-01]
2025-02-19 10:58:02,657 p=6505 u=marwiesing n=ansible | skipping: [ubuntu-02]
2025-02-19 10:58:02,681 p=6505 u=marwiesing n=ansible | skipping: [localhost]
2025-02-19 10:58:02,944 p=6505 u=marwiesing n=ansible | changed: [rocky-01]
2025-02-19 10:58:03,005 p=6505 u=marwiesing n=ansible | PLAY RECAP ******************************************************************************************************************************************************************************************************************************************************************************
2025-02-19 10:58:03,005 p=6505 u=marwiesing n=ansible | localhost                  : ok=10   changed=4    unreachable=0    failed=0    skipped=2    rescued=0    ignored=0   
2025-02-19 10:58:03,005 p=6505 u=marwiesing n=ansible | rocky-01                   : ok=11   changed=5    unreachable=0    failed=0    skipped=1    rescued=0    ignored=0   
2025-02-19 10:58:03,005 p=6505 u=marwiesing n=ansible | ubuntu-01                  : ok=11   changed=5    unreachable=0    failed=0    skipped=1    rescued=0    ignored=0   
2025-02-19 10:58:03,005 p=6505 u=marwiesing n=ansible | ubuntu-02                  : ok=11   changed=5    unreachable=0    failed=0    skipped=1    rescued=0    ignored=0   
2025-02-19 10:58:59,704 p=6971 u=marwiesing n=ansible | PLAY [Troubleshoot Ansible Issues] ******************************************************************************************************************************************************************************************************************************************************
2025-02-19 10:58:59,710 p=6971 u=marwiesing n=ansible | TASK [Gathering Facts] ******************************************************************************************************************************************************************************************************************************************************************
2025-02-19 10:59:00,813 p=6971 u=marwiesing n=ansible | [WARNING]: Platform linux on host localhost is using the discovered Python interpreter at /usr/bin/python3.12, but future installation of another Python interpreter could change the meaning of that path. See https://docs.ansible.com/ansible-
core/2.16/reference_appendices/interpreter_discovery.html for more information.

2025-02-19 10:59:00,813 p=6971 u=marwiesing n=ansible | ok: [localhost]
2025-02-19 10:59:00,821 p=6971 u=marwiesing n=ansible | ok: [ubuntu-01]
2025-02-19 10:59:00,843 p=6971 u=marwiesing n=ansible | ok: [ubuntu-02]
2025-02-19 10:59:00,861 p=6971 u=marwiesing n=ansible | ok: [rocky-01]
2025-02-19 10:59:00,907 p=6971 u=marwiesing n=ansible | TASK [Check connectivity] ***************************************************************************************************************************************************************************************************************************************************************
2025-02-19 10:59:01,347 p=6971 u=marwiesing n=ansible | ok: [localhost]
2025-02-19 10:59:01,354 p=6971 u=marwiesing n=ansible | ok: [ubuntu-01]
2025-02-19 10:59:01,364 p=6971 u=marwiesing n=ansible | ok: [ubuntu-02]
2025-02-19 10:59:01,398 p=6971 u=marwiesing n=ansible | ok: [rocky-01]
2025-02-19 10:59:01,406 p=6971 u=marwiesing n=ansible | TASK [Check Python version] *************************************************************************************************************************************************************************************************************************************************************
2025-02-19 10:59:01,894 p=6971 u=marwiesing n=ansible | skipping: [ubuntu-01]
2025-02-19 10:59:01,899 p=6971 u=marwiesing n=ansible | skipping: [localhost]
2025-02-19 10:59:01,903 p=6971 u=marwiesing n=ansible | skipping: [ubuntu-02]
2025-02-19 10:59:01,931 p=6971 u=marwiesing n=ansible | skipping: [rocky-01]
2025-02-19 10:59:01,941 p=6971 u=marwiesing n=ansible | TASK [Display Python version] ***********************************************************************************************************************************************************************************************************************************************************
2025-02-19 10:59:02,030 p=6971 u=marwiesing n=ansible | ok: [ubuntu-01] => 
  msg: 'Python version: '
2025-02-19 10:59:02,063 p=6971 u=marwiesing n=ansible | ok: [ubuntu-02] => 
  msg: 'Python version: '
2025-02-19 10:59:02,067 p=6971 u=marwiesing n=ansible | ok: [rocky-01] => 
  msg: 'Python version: '
2025-02-19 10:59:02,081 p=6971 u=marwiesing n=ansible | ok: [localhost] => 
  msg: 'Python version: '
2025-02-19 10:59:02,090 p=6971 u=marwiesing n=ansible | TASK [Check if required Python packages are installed] **********************************************************************************************************************************************************************************************************************************
2025-02-19 10:59:02,464 p=6971 u=marwiesing n=ansible | skipping: [ubuntu-01]
2025-02-19 10:59:02,485 p=6971 u=marwiesing n=ansible | skipping: [ubuntu-02]
2025-02-19 10:59:02,569 p=6971 u=marwiesing n=ansible | skipping: [localhost]
2025-02-19 10:59:02,576 p=6971 u=marwiesing n=ansible | skipping: [rocky-01]
2025-02-19 10:59:02,582 p=6971 u=marwiesing n=ansible | TASK [Display six package status] *******************************************************************************************************************************************************************************************************************************************************
2025-02-19 10:59:02,650 p=6971 u=marwiesing n=ansible | ok: [ubuntu-01] => 
  msg: ''
2025-02-19 10:59:02,688 p=6971 u=marwiesing n=ansible | ok: [ubuntu-02] => 
  msg: ''
2025-02-19 10:59:02,712 p=6971 u=marwiesing n=ansible | ok: [rocky-01] => 
  msg: ''
2025-02-19 10:59:02,731 p=6971 u=marwiesing n=ansible | ok: [localhost] => 
  msg: ''
2025-02-19 10:59:02,740 p=6971 u=marwiesing n=ansible | TASK [Check user executing the playbook] ************************************************************************************************************************************************************************************************************************************************
2025-02-19 10:59:03,105 p=6971 u=marwiesing n=ansible | skipping: [ubuntu-01]
2025-02-19 10:59:03,109 p=6971 u=marwiesing n=ansible | skipping: [ubuntu-02]
2025-02-19 10:59:03,165 p=6971 u=marwiesing n=ansible | skipping: [localhost]
2025-02-19 10:59:03,195 p=6971 u=marwiesing n=ansible | skipping: [rocky-01]
2025-02-19 10:59:03,202 p=6971 u=marwiesing n=ansible | TASK [Display Ansible executing user] ***************************************************************************************************************************************************************************************************************************************************
2025-02-19 10:59:03,238 p=6971 u=marwiesing n=ansible | ok: [ubuntu-01] => 
  msg: ''
2025-02-19 10:59:03,259 p=6971 u=marwiesing n=ansible | ok: [ubuntu-02] => 
  msg: ''
2025-02-19 10:59:03,260 p=6971 u=marwiesing n=ansible | ok: [rocky-01] => 
  msg: ''
2025-02-19 10:59:03,271 p=6971 u=marwiesing n=ansible | ok: [localhost] => 
  msg: ''
2025-02-19 10:59:03,275 p=6971 u=marwiesing n=ansible | TASK [Check available disk space] *******************************************************************************************************************************************************************************************************************************************************
2025-02-19 10:59:03,660 p=6971 u=marwiesing n=ansible | skipping: [ubuntu-01]
2025-02-19 10:59:03,663 p=6971 u=marwiesing n=ansible | skipping: [ubuntu-02]
2025-02-19 10:59:03,746 p=6971 u=marwiesing n=ansible | skipping: [rocky-01]
2025-02-19 10:59:03,754 p=6971 u=marwiesing n=ansible | skipping: [localhost]
2025-02-19 10:59:03,762 p=6971 u=marwiesing n=ansible | TASK [Display disk space] ***************************************************************************************************************************************************************************************************************************************************************
2025-02-19 10:59:03,804 p=6971 u=marwiesing n=ansible | ok: [ubuntu-01] => 
  msg: []
2025-02-19 10:59:03,816 p=6971 u=marwiesing n=ansible | ok: [ubuntu-02] => 
  msg: []
2025-02-19 10:59:03,822 p=6971 u=marwiesing n=ansible | ok: [rocky-01] => 
  msg: []
2025-02-19 10:59:03,834 p=6971 u=marwiesing n=ansible | ok: [localhost] => 
  msg: []
2025-02-19 10:59:03,840 p=6971 u=marwiesing n=ansible | TASK [Ubuntu-specific task] *************************************************************************************************************************************************************************************************************************************************************
2025-02-19 10:59:03,946 p=6971 u=marwiesing n=ansible | skipping: [rocky-01]
2025-02-19 10:59:03,954 p=6971 u=marwiesing n=ansible | skipping: [localhost]
2025-02-19 10:59:04,135 p=6971 u=marwiesing n=ansible | skipping: [ubuntu-01]
2025-02-19 10:59:04,184 p=6971 u=marwiesing n=ansible | skipping: [ubuntu-02]
2025-02-19 10:59:04,190 p=6971 u=marwiesing n=ansible | TASK [Rocky-specific task] **************************************************************************************************************************************************************************************************************************************************************
2025-02-19 10:59:04,215 p=6971 u=marwiesing n=ansible | skipping: [ubuntu-01]
2025-02-19 10:59:04,258 p=6971 u=marwiesing n=ansible | skipping: [ubuntu-02]
2025-02-19 10:59:04,275 p=6971 u=marwiesing n=ansible | skipping: [localhost]
2025-02-19 10:59:04,543 p=6971 u=marwiesing n=ansible | skipping: [rocky-01]
2025-02-19 10:59:04,581 p=6971 u=marwiesing n=ansible | PLAY RECAP ******************************************************************************************************************************************************************************************************************************************************************************
2025-02-19 10:59:04,581 p=6971 u=marwiesing n=ansible | localhost                  : ok=6    changed=0    unreachable=0    failed=0    skipped=6    rescued=0    ignored=0   
2025-02-19 10:59:04,582 p=6971 u=marwiesing n=ansible | rocky-01                   : ok=6    changed=0    unreachable=0    failed=0    skipped=6    rescued=0    ignored=0   
2025-02-19 10:59:04,582 p=6971 u=marwiesing n=ansible | ubuntu-01                  : ok=6    changed=0    unreachable=0    failed=0    skipped=6    rescued=0    ignored=0   
2025-02-19 10:59:04,582 p=6971 u=marwiesing n=ansible | ubuntu-02                  : ok=6    changed=0    unreachable=0    failed=0    skipped=6    rescued=0    ignored=0   
