2025-02-19 14:09:53,307 p=10858 u=marwiesing n=ansible | Starting galaxy role install process
2025-02-19 14:09:53,553 p=10858 u=marwiesing n=ansible | - downloading role 'gitlab', owned by geerlingguy
2025-02-19 14:09:54,128 p=10858 u=marwiesing n=ansible | - downloading role from https://github.com/geerlingguy/ansible-role-gitlab/archive/3.2.0.tar.gz
2025-02-19 14:09:54,613 p=10858 u=marwiesing n=ansible | - extracting geerlingguy.gitlab to /home/marwiesing/.ansible/roles/geerlingguy.gitlab
2025-02-19 14:09:54,619 p=10858 u=marwiesing n=ansible | - geerlingguy.gitlab (3.2.0) was installed successfully
2025-02-19 14:10:38,611 p=10881 u=marwiesing n=ansible | PLAY [Install GitLab on Ubuntu-01] ******************************************************************************************************************************************************************************************************************************************************
2025-02-19 14:10:38,618 p=10881 u=marwiesing n=ansible | TASK [Gathering Facts] ******************************************************************************************************************************************************************************************************************************************************************
2025-02-19 14:10:39,754 p=10881 u=marwiesing n=ansible | ok: [ubuntu-01]
2025-02-19 14:10:39,772 p=10881 u=marwiesing n=ansible | TASK [geerlingguy.gitlab : Include OS-specific variables.] ******************************************************************************************************************************************************************************************************************************
2025-02-19 14:10:39,799 p=10881 u=marwiesing n=ansible | ok: [ubuntu-01]
2025-02-19 14:10:39,807 p=10881 u=marwiesing n=ansible | TASK [geerlingguy.gitlab : Check if GitLab configuration file already exists.] **********************************************************************************************************************************************************************************************************
2025-02-19 14:10:40,143 p=10881 u=marwiesing n=ansible | ok: [ubuntu-01]
2025-02-19 14:10:40,149 p=10881 u=marwiesing n=ansible | TASK [geerlingguy.gitlab : Check if GitLab is already installed.] ***********************************************************************************************************************************************************************************************************************
2025-02-19 14:10:40,406 p=10881 u=marwiesing n=ansible | ok: [ubuntu-01]
2025-02-19 14:10:40,411 p=10881 u=marwiesing n=ansible | TASK [geerlingguy.gitlab : Install GitLab dependencies.] ********************************************************************************************************************************************************************************************************************************
2025-02-19 14:10:52,490 p=10881 u=marwiesing n=ansible | changed: [ubuntu-01]
2025-02-19 14:10:52,495 p=10881 u=marwiesing n=ansible | TASK [geerlingguy.gitlab : Install GitLab dependencies (Debian).] ***********************************************************************************************************************************************************************************************************************
2025-02-19 14:10:54,367 p=10881 u=marwiesing n=ansible | changed: [ubuntu-01]
2025-02-19 14:10:54,371 p=10881 u=marwiesing n=ansible | TASK [geerlingguy.gitlab : Download GitLab repository installation script.] *************************************************************************************************************************************************************************************************************
2025-02-19 14:10:55,088 p=10881 u=marwiesing n=ansible | changed: [ubuntu-01]
2025-02-19 14:10:55,093 p=10881 u=marwiesing n=ansible | TASK [geerlingguy.gitlab : Install GitLab repository.] **********************************************************************************************************************************************************************************************************************************
2025-02-19 14:11:00,268 p=10881 u=marwiesing n=ansible | changed: [ubuntu-01]
2025-02-19 14:11:00,279 p=10881 u=marwiesing n=ansible | TASK [geerlingguy.gitlab : Define the Gitlab package name.] *****************************************************************************************************************************************************************************************************************************
2025-02-19 14:11:00,306 p=10881 u=marwiesing n=ansible | skipping: [ubuntu-01]
2025-02-19 14:11:00,310 p=10881 u=marwiesing n=ansible | TASK [geerlingguy.gitlab : Install GitLab] **********************************************************************************************************************************************************************************************************************************************
2025-02-19 14:12:36,500 p=10881 u=marwiesing n=ansible | changed: [ubuntu-01]
2025-02-19 14:12:36,505 p=10881 u=marwiesing n=ansible | TASK [geerlingguy.gitlab : Reconfigure GitLab (first run).] *****************************************************************************************************************************************************************************************************************************
2025-02-19 14:15:34,842 p=10881 u=marwiesing n=ansible | changed: [ubuntu-01]
2025-02-19 14:15:34,847 p=10881 u=marwiesing n=ansible | TASK [geerlingguy.gitlab : Create GitLab SSL configuration folder.] *********************************************************************************************************************************************************************************************************************
2025-02-19 14:15:35,251 p=10881 u=marwiesing n=ansible | changed: [ubuntu-01]
2025-02-19 14:15:35,257 p=10881 u=marwiesing n=ansible | TASK [geerlingguy.gitlab : Create self-signed certificate.] *****************************************************************************************************************************************************************************************************************************
2025-02-19 14:15:35,736 p=10881 u=marwiesing n=ansible | changed: [ubuntu-01]
2025-02-19 14:15:35,742 p=10881 u=marwiesing n=ansible | TASK [geerlingguy.gitlab : Copy GitLab configuration file.] *****************************************************************************************************************************************************************************************************************************
2025-02-19 14:15:36,329 p=10881 u=marwiesing n=ansible | changed: [ubuntu-01]
2025-02-19 14:15:36,341 p=10881 u=marwiesing n=ansible | RUNNING HANDLER [geerlingguy.gitlab : restart gitlab] ***********************************************************************************************************************************************************************************************************************************
2025-02-19 14:16:20,823 p=10881 u=marwiesing n=ansible | changed: [ubuntu-01]
2025-02-19 14:16:20,841 p=10881 u=marwiesing n=ansible | PLAY RECAP ******************************************************************************************************************************************************************************************************************************************************************************
2025-02-19 14:16:20,841 p=10881 u=marwiesing n=ansible | ubuntu-01                  : ok=14   changed=10   unreachable=0    failed=0    skipped=1    rescued=0    ignored=0   
